[INFO] [2017-02-23 21:27:01][org.springframework.web.context.ContextLoader]Root WebApplicationContext: initialization started
[INFO] [2017-02-23 21:27:01][org.springframework.web.context.support.XmlWebApplicationContext]Refreshing Root WebApplicationContext: startup date [Thu Feb 23 21:27:01 CST 2017]; root of context hierarchy
[INFO] [2017-02-23 21:27:01][org.springframework.beans.factory.xml.XmlBeanDefinitionReader]Loading XML bean definitions from class path resource [spring-mybatis.xml]
[INFO] [2017-02-23 21:27:01][org.springframework.beans.factory.config.PropertyPlaceholderConfigurer]Loading properties file from class path resource [jdbc.properties]
[INFO] [2017-02-23 21:27:01][org.springframework.beans.factory.annotation.AutowiredAnnotationBeanPostProcessor]JSR-330 'javax.inject.Inject' annotation found and supported for autowiring
[INFO] [2017-02-23 21:27:02][com.alibaba.druid.pool.DruidDataSource]{dataSource-1} inited
[INFO] [2017-02-23 21:27:02][org.springframework.web.context.ContextLoader]Root WebApplicationContext: initialization completed in 1308 ms
[INFO] [2017-02-23 21:27:02][org.springframework.web.servlet.DispatcherServlet]FrameworkServlet 'SpringMVC': initialization started
[INFO] [2017-02-23 21:27:02][org.springframework.web.context.support.XmlWebApplicationContext]Refreshing WebApplicationContext for namespace 'SpringMVC-servlet': startup date [Thu Feb 23 21:27:02 CST 2017]; parent: Root WebApplicationContext
[INFO] [2017-02-23 21:27:02][org.springframework.beans.factory.xml.XmlBeanDefinitionReader]Loading XML bean definitions from class path resource [spring-mvc.xml]
[INFO] [2017-02-23 21:27:02][org.springframework.beans.factory.xml.XmlBeanDefinitionReader]Loading XML bean definitions from class path resource [spring-shiro.xml]
[INFO] [2017-02-23 21:27:02][org.springframework.beans.factory.annotation.AutowiredAnnotationBeanPostProcessor]JSR-330 'javax.inject.Inject' annotation found and supported for autowiring
[INFO] [2017-02-23 21:27:02][org.apache.shiro.realm.AuthorizingRealm]No cache or cacheManager properties have been set.  Authorization cache cannot be obtained.
[INFO] [2017-02-23 21:27:02][org.springframework.context.support.PostProcessorRegistrationDelegate$BeanPostProcessorChecker]Bean 'myRealm' of type [class cn.heckman.manager.framework.common.MyRealm] is not eligible for getting processed by all BeanPostProcessors (for example: not eligible for auto-proxying)
[INFO] [2017-02-23 21:27:02][org.springframework.context.support.PostProcessorRegistrationDelegate$BeanPostProcessorChecker]Bean 'securityManager' of type [class org.apache.shiro.web.mgt.DefaultWebSecurityManager] is not eligible for getting processed by all BeanPostProcessors (for example: not eligible for auto-proxying)
[INFO] [2017-02-23 21:27:03][org.springframework.web.servlet.handler.SimpleUrlHandlerMapping]Root mapping to handler of type [class org.springframework.web.servlet.mvc.ParameterizableViewController]
[INFO] [2017-02-23 21:27:03][org.springframework.web.servlet.mvc.method.annotation.RequestMappingHandlerMapping]Mapped "{[/logout],methods=[],params=[],headers=[],consumes=[],produces=[],custom=[]}" onto public java.lang.String cn.heckman.manager.framework.controller.Login.logout(javax.servlet.http.HttpServletRequest)
[INFO] [2017-02-23 21:27:03][org.springframework.web.servlet.mvc.method.annotation.RequestMappingHandlerMapping]Mapped "{[/login],methods=[POST],params=[],headers=[],consumes=[],produces=[],custom=[]}" onto public java.lang.String cn.heckman.manager.framework.controller.Login.login(javax.servlet.http.HttpServletRequest)
[INFO] [2017-02-23 21:27:03][org.springframework.web.servlet.mvc.method.annotation.RequestMappingHandlerMapping]Mapped "{[/getVerifyCodeImage],methods=[],params=[],headers=[],consumes=[],produces=[],custom=[]}" onto public void cn.heckman.manager.framework.controller.Login.getVerifyCodeImage(javax.servlet.http.HttpServletRequest,javax.servlet.http.HttpServletResponse) throws java.io.IOException
[INFO] [2017-02-23 21:27:03][org.springframework.web.servlet.mvc.method.annotation.RequestMappingHandlerMapping]Mapped "{[/user/query],methods=[],params=[],headers=[],consumes=[],produces=[],custom=[]}" onto public java.util.Map<java.lang.String, java.lang.Object> cn.heckman.manager.framework.controller.TUserController.query()
[INFO] [2017-02-23 21:27:03][org.springframework.web.servlet.mvc.method.annotation.RequestMappingHandlerMapping]Mapped "{[/user/query2],methods=[],params=[],headers=[],consumes=[],produces=[],custom=[]}" onto public java.util.Map<java.lang.String, java.lang.Object> cn.heckman.manager.framework.controller.TUserController.hashRole()
[INFO] [2017-02-23 21:27:03][org.springframework.web.servlet.handler.SimpleUrlHandlerMapping]Mapped URL path [/**] onto handler 'org.springframework.web.servlet.resource.DefaultServletHttpRequestHandler#0'
[INFO] [2017-02-23 21:27:03][org.springframework.web.servlet.DispatcherServlet]FrameworkServlet 'SpringMVC': initialization completed in 869 ms
[INFO] [2017-02-23 21:30:43][org.springframework.web.context.ContextLoader]Root WebApplicationContext: initialization started
[INFO] [2017-02-23 21:30:43][org.springframework.web.context.support.XmlWebApplicationContext]Refreshing Root WebApplicationContext: startup date [Thu Feb 23 21:30:43 CST 2017]; root of context hierarchy
[INFO] [2017-02-23 21:30:43][org.springframework.beans.factory.xml.XmlBeanDefinitionReader]Loading XML bean definitions from class path resource [spring-mybatis.xml]
[INFO] [2017-02-23 21:30:43][org.springframework.beans.factory.config.PropertyPlaceholderConfigurer]Loading properties file from class path resource [jdbc.properties]
[INFO] [2017-02-23 21:30:43][org.springframework.beans.factory.annotation.AutowiredAnnotationBeanPostProcessor]JSR-330 'javax.inject.Inject' annotation found and supported for autowiring
[INFO] [2017-02-23 21:30:44][com.alibaba.druid.pool.DruidDataSource]{dataSource-1} inited
[INFO] [2017-02-23 21:30:44][org.springframework.web.context.ContextLoader]Root WebApplicationContext: initialization completed in 1275 ms
[INFO] [2017-02-23 21:36:07][org.springframework.web.context.ContextLoader]Root WebApplicationContext: initialization started
[INFO] [2017-02-23 21:36:07][org.springframework.web.context.support.XmlWebApplicationContext]Refreshing Root WebApplicationContext: startup date [Thu Feb 23 21:36:07 CST 2017]; root of context hierarchy
[INFO] [2017-02-23 21:36:07][org.springframework.beans.factory.xml.XmlBeanDefinitionReader]Loading XML bean definitions from class path resource [spring-mybatis.xml]
[INFO] [2017-02-23 21:36:08][org.springframework.beans.factory.config.PropertyPlaceholderConfigurer]Loading properties file from class path resource [jdbc.properties]
[INFO] [2017-02-23 21:36:08][org.springframework.beans.factory.annotation.AutowiredAnnotationBeanPostProcessor]JSR-330 'javax.inject.Inject' annotation found and supported for autowiring
[INFO] [2017-02-23 21:36:08][com.alibaba.druid.pool.DruidDataSource]{dataSource-1} inited
[INFO] [2017-02-23 21:36:08][org.springframework.web.context.ContextLoader]Root WebApplicationContext: initialization completed in 1314 ms
[INFO] [2017-02-23 21:39:12][org.springframework.web.context.ContextLoader]Root WebApplicationContext: initialization started
[INFO] [2017-02-23 21:39:12][org.springframework.web.context.support.XmlWebApplicationContext]Refreshing Root WebApplicationContext: startup date [Thu Feb 23 21:39:12 CST 2017]; root of context hierarchy
[INFO] [2017-02-23 21:39:12][org.springframework.beans.factory.xml.XmlBeanDefinitionReader]Loading XML bean definitions from class path resource [spring-mybatis.xml]
[INFO] [2017-02-23 21:39:13][org.springframework.beans.factory.xml.XmlBeanDefinitionReader]Loading XML bean definitions from class path resource [spring-shiro.xml]
[INFO] [2017-02-23 21:39:13][org.springframework.beans.factory.config.PropertyPlaceholderConfigurer]Loading properties file from class path resource [jdbc.properties]
[INFO] [2017-02-23 21:39:13][org.springframework.beans.factory.annotation.AutowiredAnnotationBeanPostProcessor]JSR-330 'javax.inject.Inject' annotation found and supported for autowiring
[INFO] [2017-02-23 21:39:13][com.alibaba.druid.pool.DruidDataSource]{dataSource-1} inited
[INFO] [2017-02-23 21:39:13][org.springframework.context.support.PostProcessorRegistrationDelegate$BeanPostProcessorChecker]Bean 'dataSource' of type [class com.alibaba.druid.pool.DruidDataSource] is not eligible for getting processed by all BeanPostProcessors (for example: not eligible for auto-proxying)
[INFO] [2017-02-23 21:39:14][org.springframework.context.support.PostProcessorRegistrationDelegate$BeanPostProcessorChecker]Bean 'sqlSessionFactory' of type [class org.mybatis.spring.SqlSessionFactoryBean] is not eligible for getting processed by all BeanPostProcessors (for example: not eligible for auto-proxying)
[INFO] [2017-02-23 21:39:14][org.springframework.context.support.PostProcessorRegistrationDelegate$BeanPostProcessorChecker]Bean 'sqlSessionFactory' of type [class org.apache.ibatis.session.defaults.DefaultSqlSessionFactory] is not eligible for getting processed by all BeanPostProcessors (for example: not eligible for auto-proxying)
[INFO] [2017-02-23 21:39:14][org.springframework.context.support.PostProcessorRegistrationDelegate$BeanPostProcessorChecker]Bean 'TPermissionMapper' of type [class org.mybatis.spring.mapper.MapperFactoryBean] is not eligible for getting processed by all BeanPostProcessors (for example: not eligible for auto-proxying)
[INFO] [2017-02-23 21:39:14][org.springframework.context.support.PostProcessorRegistrationDelegate$BeanPostProcessorChecker]Bean 'TRoleMapper' of type [class org.mybatis.spring.mapper.MapperFactoryBean] is not eligible for getting processed by all BeanPostProcessors (for example: not eligible for auto-proxying)
[INFO] [2017-02-23 21:39:14][org.springframework.context.support.PostProcessorRegistrationDelegate$BeanPostProcessorChecker]Bean 'TRolePermissionMapper' of type [class org.mybatis.spring.mapper.MapperFactoryBean] is not eligible for getting processed by all BeanPostProcessors (for example: not eligible for auto-proxying)
[INFO] [2017-02-23 21:39:14][org.springframework.context.support.PostProcessorRegistrationDelegate$BeanPostProcessorChecker]Bean 'TUserMapper' of type [class org.mybatis.spring.mapper.MapperFactoryBean] is not eligible for getting processed by all BeanPostProcessors (for example: not eligible for auto-proxying)
[INFO] [2017-02-23 21:39:14][org.springframework.context.support.PostProcessorRegistrationDelegate$BeanPostProcessorChecker]Bean 'TUserRoleMapper' of type [class org.mybatis.spring.mapper.MapperFactoryBean] is not eligible for getting processed by all BeanPostProcessors (for example: not eligible for auto-proxying)
[INFO] [2017-02-23 21:39:14][org.springframework.context.support.PostProcessorRegistrationDelegate$BeanPostProcessorChecker]Bean 'TUserMapper' of type [class com.sun.proxy.$Proxy27] is not eligible for getting processed by all BeanPostProcessors (for example: not eligible for auto-proxying)
[INFO] [2017-02-23 21:39:14][org.springframework.context.support.PostProcessorRegistrationDelegate$BeanPostProcessorChecker]Bean 'TUserServiceImpl' of type [class cn.heckman.module.framework.service.impl.TUserServiceImpl] is not eligible for getting processed by all BeanPostProcessors (for example: not eligible for auto-proxying)
[INFO] [2017-02-23 21:39:14][org.apache.shiro.realm.AuthorizingRealm]No cache or cacheManager properties have been set.  Authorization cache cannot be obtained.
[INFO] [2017-02-23 21:39:14][org.springframework.context.support.PostProcessorRegistrationDelegate$BeanPostProcessorChecker]Bean 'myRealm' of type [class cn.heckman.manager.framework.common.MyRealm] is not eligible for getting processed by all BeanPostProcessors (for example: not eligible for auto-proxying)
[INFO] [2017-02-23 21:39:14][org.springframework.context.support.PostProcessorRegistrationDelegate$BeanPostProcessorChecker]Bean 'securityManager' of type [class org.apache.shiro.web.mgt.DefaultWebSecurityManager] is not eligible for getting processed by all BeanPostProcessors (for example: not eligible for auto-proxying)
[INFO] [2017-02-23 21:39:14][org.springframework.web.context.ContextLoader]Root WebApplicationContext: initialization completed in 1394 ms
[INFO] [2017-02-23 21:39:14][org.springframework.web.servlet.DispatcherServlet]FrameworkServlet 'SpringMVC': initialization started
[INFO] [2017-02-23 21:39:14][org.springframework.web.context.support.XmlWebApplicationContext]Refreshing WebApplicationContext for namespace 'SpringMVC-servlet': startup date [Thu Feb 23 21:39:14 CST 2017]; parent: Root WebApplicationContext
[INFO] [2017-02-23 21:39:14][org.springframework.beans.factory.xml.XmlBeanDefinitionReader]Loading XML bean definitions from class path resource [spring-mvc.xml]
[INFO] [2017-02-23 21:39:14][org.springframework.beans.factory.annotation.AutowiredAnnotationBeanPostProcessor]JSR-330 'javax.inject.Inject' annotation found and supported for autowiring
[INFO] [2017-02-23 21:39:14][org.springframework.web.servlet.handler.SimpleUrlHandlerMapping]Root mapping to handler of type [class org.springframework.web.servlet.mvc.ParameterizableViewController]
[INFO] [2017-02-23 21:39:14][org.springframework.web.servlet.mvc.method.annotation.RequestMappingHandlerMapping]Mapped "{[/logout],methods=[],params=[],headers=[],consumes=[],produces=[],custom=[]}" onto public java.lang.String cn.heckman.manager.framework.controller.Login.logout(javax.servlet.http.HttpServletRequest)
[INFO] [2017-02-23 21:39:14][org.springframework.web.servlet.mvc.method.annotation.RequestMappingHandlerMapping]Mapped "{[/login],methods=[POST],params=[],headers=[],consumes=[],produces=[],custom=[]}" onto public java.lang.String cn.heckman.manager.framework.controller.Login.login(javax.servlet.http.HttpServletRequest)
[INFO] [2017-02-23 21:39:14][org.springframework.web.servlet.mvc.method.annotation.RequestMappingHandlerMapping]Mapped "{[/getVerifyCodeImage],methods=[],params=[],headers=[],consumes=[],produces=[],custom=[]}" onto public void cn.heckman.manager.framework.controller.Login.getVerifyCodeImage(javax.servlet.http.HttpServletRequest,javax.servlet.http.HttpServletResponse) throws java.io.IOException
[INFO] [2017-02-23 21:39:14][org.springframework.web.servlet.mvc.method.annotation.RequestMappingHandlerMapping]Mapped "{[/user/query],methods=[],params=[],headers=[],consumes=[],produces=[],custom=[]}" onto public java.util.Map<java.lang.String, java.lang.Object> cn.heckman.manager.framework.controller.TUserController.query()
[INFO] [2017-02-23 21:39:14][org.springframework.web.servlet.mvc.method.annotation.RequestMappingHandlerMapping]Mapped "{[/user/query2],methods=[],params=[],headers=[],consumes=[],produces=[],custom=[]}" onto public java.util.Map<java.lang.String, java.lang.Object> cn.heckman.manager.framework.controller.TUserController.hashRole()
[INFO] [2017-02-23 21:39:14][org.springframework.web.servlet.handler.SimpleUrlHandlerMapping]Mapped URL path [/**] onto handler 'org.springframework.web.servlet.resource.DefaultServletHttpRequestHandler#0'
[INFO] [2017-02-23 21:39:15][org.springframework.web.servlet.DispatcherServlet]FrameworkServlet 'SpringMVC': initialization completed in 725 ms
[INFO] [2017-02-23 21:39:28][org.apache.shiro.realm.AuthorizingRealm]No cache or cacheManager properties have been set.  Authorization cache cannot be obtained.
[INFO] [2017-02-23 21:39:28][org.apache.shiro.realm.AuthorizingRealm]No cache or cacheManager properties have been set.  Authorization cache cannot be obtained.
[INFO] [2017-02-23 21:39:28][org.apache.shiro.realm.AuthorizingRealm]No cache or cacheManager properties have been set.  Authorization cache cannot be obtained.
[INFO] [2017-02-23 21:39:51][org.apache.shiro.realm.AuthorizingRealm]No cache or cacheManager properties have been set.  Authorization cache cannot be obtained.
[INFO] [2017-02-23 21:39:51][org.apache.shiro.realm.AuthorizingRealm]No cache or cacheManager properties have been set.  Authorization cache cannot be obtained.
[INFO] [2017-02-23 21:39:51][org.apache.shiro.realm.AuthorizingRealm]No cache or cacheManager properties have been set.  Authorization cache cannot be obtained.
